Build started 5/14/2016 4:57:40 PM.
     1>Project "C:\Users\whdrj\OneDrive\documents\visual studio 2013\Projects\3DTutorial\3DTutorial\3DTutorial.vcxproj" on node 2 (Build target(s)).
     1>ClCompile:
         C:\Program Files (x86)\Microsoft Visual Studio 12.0\VC\bin\CL.exe /c /Zi /nologo /W3 /WX- /sdl /O2 /Oi /Oy- /GL /D WIN32 /D NDEBUG /D _WINDOWS /D _UNICODE /D UNICODE /Gm- /EHsc /MD /GS /Gy /fp:precise /Zc:wchar_t /Zc:forScope /Yc"stdafx.h" /Fp"Release\3DTutorial.pch" /Fo"Release\\" /Fd"Release\vc120.pdb" /Gd /TP /analyze- /errorReport:prompt stdafx.cpp
         stdafx.cpp
         C:\Program Files (x86)\Microsoft Visual Studio 12.0\VC\bin\CL.exe /c /Zi /nologo /W3 /WX- /sdl /O2 /Oi /Oy- /GL /D WIN32 /D NDEBUG /D _WINDOWS /D _UNICODE /D UNICODE /Gm- /EHsc /MD /GS /Gy /fp:precise /Zc:wchar_t /Zc:forScope /Yu"stdafx.h" /Fp"Release\3DTutorial.pch" /Fo"Release\\" /Fd"Release\vc120.pdb" /Gd /TP /analyze- /errorReport:prompt 3DTutorial.cpp GameFramework.cpp Mesh.cpp Object.cpp Scene.cpp Shader.cpp Timer.cpp
         3DTutorial.cpp
     1>c:\users\whdrj\onedrive\documents\visual studio 2013\projects\3dtutorial\3dtutorial\Object.h(2): error C2001: newline in constant
     1>c:\users\whdrj\onedrive\documents\visual studio 2013\projects\3dtutorial\3dtutorial\Object.h(2): fatal error C1083: Cannot open include file: 'Mesh.h“': No such file or directory
         GameFramework.cpp
     1>c:\users\whdrj\onedrive\documents\visual studio 2013\projects\3dtutorial\3dtutorial\Object.h(2): error C2001: newline in constant
     1>c:\users\whdrj\onedrive\documents\visual studio 2013\projects\3dtutorial\3dtutorial\Object.h(2): fatal error C1083: Cannot open include file: 'Mesh.h“': No such file or directory
         Mesh.cpp
         Object.cpp
     1>c:\users\whdrj\onedrive\documents\visual studio 2013\projects\3dtutorial\3dtutorial\Object.h(2): error C2001: newline in constant
     1>c:\users\whdrj\onedrive\documents\visual studio 2013\projects\3dtutorial\3dtutorial\Object.h(2): fatal error C1083: Cannot open include file: 'Mesh.h“': No such file or directory
         Scene.cpp
     1>c:\users\whdrj\onedrive\documents\visual studio 2013\projects\3dtutorial\3dtutorial\Object.h(2): error C2001: newline in constant
     1>c:\users\whdrj\onedrive\documents\visual studio 2013\projects\3dtutorial\3dtutorial\Object.h(2): fatal error C1083: Cannot open include file: 'Mesh.h“': No such file or directory
         Shader.cpp
         Timer.cpp
     1>Done Building Project "C:\Users\whdrj\OneDrive\documents\visual studio 2013\Projects\3DTutorial\3DTutorial\3DTutorial.vcxproj" (Build target(s)) -- FAILED.

Build FAILED.

Time Elapsed 00:00:01.04
