Build started 5/15/2016 2:40:43 PM.
     1>Project "c:\Users\whdrj\OneDrive\documents\visual studio 2013\Projects\Tutorial\Tutorial\Tutorial.vcxproj" on node 2 (Build target(s)).
     1>ClCompile:
         C:\Program Files (x86)\Microsoft Visual Studio 12.0\VC\bin\CL.exe /c /Zi /nologo /W3 /WX- /sdl /O2 /Oi /Oy- /GL /D WIN32 /D NDEBUG /D _WINDOWS /D _UNICODE /D UNICODE /Gm- /EHsc /MD /GS /Gy /fp:precise /Zc:wchar_t /Zc:forScope /Yu"stdafx.h" /Fp"Release\Tutorial.pch" /Fo"Release\\" /Fd"Release\vc120.pdb" /Gd /TP /analyze- /errorReport:prompt Tutorial.cpp
         Tutorial.cpp
       Link:
         C:\Program Files (x86)\Microsoft Visual Studio 12.0\VC\bin\link.exe /ERRORREPORT:PROMPT /OUT:"c:\users\whdrj\onedrive\documents\visual studio 2013\Projects\Tutorial\Release\Tutorial.exe" /INCREMENTAL:NO /NOLOGO d3d11.lib d3dx11.lib d3dx11d.lib d3dcompiler.lib d3dx9.lib d3dx9d.lib dxerr.lib dxguid.lib dxgi.lib winmm.lib kernel32.lib user32.lib gdi32.lib winspool.lib comdlg32.lib advapi32.lib shell32.lib ole32.lib oleaut32.lib uuid.lib odbc32.lib odbccp32.lib kernel32.lib user32.lib gdi32.lib winspool.lib comdlg32.lib advapi32.lib shell32.lib ole32.lib oleaut32.lib uuid.lib odbc32.lib odbccp32.lib /MANIFEST /MANIFESTUAC:"level='asInvoker' uiAccess='false'" /manifest:embed /DEBUG /PDB:"c:\users\whdrj\onedrive\documents\visual studio 2013\Projects\Tutorial\Release\Tutorial.pdb" /SUBSYSTEM:WINDOWS /OPT:REF /OPT:ICF /LTCG /TLBID:1 /DYNAMICBASE /NXCOMPAT /IMPLIB:"c:\users\whdrj\onedrive\documents\visual studio 2013\Projects\Tutorial\Release\Tutorial.lib" /MACHINE:X86 /SAFESEH Release\Tutorial.res
         Release\GameFramework.obj
         Release\Mesh.obj
         Release\Object.obj
         Release\Scene.obj
         Release\Shader.obj
         Release\stdafx.obj
         Release\Timer.obj
         Release\Tutorial.obj
         Generating code
         Finished generating code
         Tutorial.vcxproj -> c:\users\whdrj\onedrive\documents\visual studio 2013\Projects\Tutorial\Release\Tutorial.exe
     1>Done Building Project "c:\Users\whdrj\OneDrive\documents\visual studio 2013\Projects\Tutorial\Tutorial\Tutorial.vcxproj" (Build target(s)).

Build succeeded.

Time Elapsed 00:00:00.69
